<?xml version="1.0" encoding="UTF-8" ?>
<testsuite failures="0" time="1.995" errors="0" skipped="0" tests="14" name="mx.gob.imss.cit.gf.test.service.InstanciaServiceTest">
  <properties>
[...]
</properties>
  <testcase time="0.525" classname="mx.gob.imss.cit.gf.test.service.InstanciaServiceTest" name="testFindInstancia"/>
  <testcase time="0.131" classname="mx.gob.imss.cit.gf.test.service.InstanciaServiceTest" name="testFindInstancia_error"/>
  <testcase time="0.122" classname="mx.gob.imss.cit.gf.test.service.InstanciaServiceTest" name="testExecuteCrearInstanciaProceso"/>
  <testcase time="0.384" classname="mx.gob.imss.cit.gf.test.service.InstanciaServiceTest" name="testExecuteCrearInstanciaProceso_error"/>
  <testcase time="0.001" classname="mx.gob.imss.cit.gf.test.service.InstanciaServiceTest" name="testExecuteCancelarInstanciaProceso"/>
  <testcase time="0.058" classname="mx.gob.imss.cit.gf.test.service.InstanciaServiceTest" name="testExecuteCancelarInstanciaProceso_error"/>
  <testcase time="0.155" classname="mx.gob.imss.cit.gf.test.service.InstanciaServiceTest" name="testFindResponsablesInstancias"/>
  <testcase time="0.07" classname="mx.gob.imss.cit.gf.test.service.InstanciaServiceTest" name="testFindResponsablesInstancias_error"/>
  <testcase time="0.056" classname="mx.gob.imss.cit.gf.test.service.InstanciaServiceTest" name="testUpdateInstancia"/>
  <testcase time="0.046" classname="mx.gob.imss.cit.gf.test.service.InstanciaServiceTest" name="testUpdateInstancia_error"/>
  <testcase time="0.081" classname="mx.gob.imss.cit.gf.test.service.InstanciaServiceTest" name="testFindRolesByInstaceProcess"/>
  <testcase time="0.085" classname="mx.gob.imss.cit.gf.test.service.InstanciaServiceTest" name="testFindRolesByInstaceProcess_error"/>
  <testcase time="0.14" classname="mx.gob.imss.cit.gf.test.service.InstanciaServiceTest" name="testExecuteInitInstanciaProceso"/>
  <testcase time="0.141" classname="mx.gob.imss.cit.gf.test.service.InstanciaServiceTest" name="testExecuteInitInstanciaProceso_error"/>
</testsuite>